[2025-02-18 20:32:51,363] DESKTOP-U80B0UL/INFO/locust_load_test: ......... Initiating Load Test .......
[2025-02-18 20:32:51,364] DESKTOP-U80B0UL/INFO/locust.runners: Spawning 5 users at the rate 1 users/s (0 users already running)...
[2025-02-18 20:32:55,004] DESKTOP-U80B0UL/INFO/locust_load_test: Login successful with user : perf_user_5@gmail.com
[2025-02-18 20:32:55,376] DESKTOP-U80B0UL/INFO/locust.runners: All users spawned: UserGroupA: 1, UserGroupB: 4 (0 already running)
[2025-02-18 20:32:55,473] DESKTOP-U80B0UL/INFO/locust_load_test: fetch my-account user address perf_user_5@gmail.com
[2025-02-18 20:32:57,947] DESKTOP-U80B0UL/INFO/locust_load_test: fetch my-account user address perf_user_5@gmail.com
[2025-02-18 20:33:00,105] DESKTOP-U80B0UL/INFO/locust_load_test: fetch my-account user address perf_user_5@gmail.com
[2025-02-18 20:33:32,378] DESKTOP-U80B0UL/INFO/locust_load_test: fetch my-account user address perf_user_5@gmail.com
[2025-02-18 20:33:40,509] DESKTOP-U80B0UL/INFO/locust_load_test: fetch my-account user address perf_user_5@gmail.com
[2025-02-18 20:33:53,483] DESKTOP-U80B0UL/INFO/locust_load_test: fetch my-account user address perf_user_5@gmail.com
[2025-02-18 20:34:01,089] DESKTOP-U80B0UL/INFO/locust.runners: Spawning 5 users at the rate 1 users/s (5 users already running)...
[2025-02-18 20:34:05,125] DESKTOP-U80B0UL/INFO/locust.runners: All users spawned: UserGroupA: 1, UserGroupB: 4 (5 already running)
[2025-02-18 20:34:29,717] DESKTOP-U80B0UL/INFO/locust_load_test: fetch my-account user address perf_user_5@gmail.com
[2025-02-18 20:34:32,734] DESKTOP-U80B0UL/INFO/locust_load_test: fetch my-account user address perf_user_5@gmail.com
[2025-02-18 20:34:45,106] DESKTOP-U80B0UL/INFO/locust_load_test: fetch my-account user address perf_user_5@gmail.com
[2025-02-18 20:34:46,773] DESKTOP-U80B0UL/INFO/locust_load_test: fetch my-account user address perf_user_5@gmail.com
[2025-02-18 20:34:58,967] DESKTOP-U80B0UL/INFO/locust.runners: Stopping 9 users
[2025-02-18 20:34:58,973] DESKTOP-U80B0UL/INFO/locust.runners: 9 Users have been stopped
[2025-02-18 20:34:58,973] DESKTOP-U80B0UL/INFO/locust_load_test: ........ Load Test Completed ........
[2025-02-18 20:35:03,929] DESKTOP-U80B0UL/INFO/locust.main: Running teardowns...
[2025-02-18 20:35:03,934] DESKTOP-U80B0UL/INFO/locust.main: Shutting down (exit code 1), bye.
[2025-02-18 20:35:03,934] DESKTOP-U80B0UL/INFO/locust.main: Cleaning up runner...
